14:52:03.123 [Worker-15] INFO  o.a.AndroidAnnotationProcessor:84 - Initialize AndroidAnnotations 3.1 with options {phase=BUILD}
14:52:03.216 [Worker-15] INFO  o.a.AndroidAnnotationProcessor:108 - Start processing for 5 annotations on 19 elements
14:52:03.247 [Worker-15] DEBUG o.a.h.AndroidManifestFinder:137 - AndroidManifest.xml file found in parent folder E:\workspace\git4jason\GetupTogether: E:\workspace\git4jason\GetupTogether\AndroidManifest.xml
14:52:03.247 [Worker-15] INFO  o.a.AndroidAnnotationProcessor:171 - AndroidManifest.xml found: AndroidManifest [applicationPackage=cm.getuptogether, componentQualifiedNames=[cm.getuptogether.activity.MainActivity_, cm.getuptogether.activity.LockActivity_, com.renn.rennsdk.oauth.OAuthActivity, cm.getuptogether.activity.jerry.LoginActivity_, cm.getuptogether.service.OpenLockService], permissionQualifiedNames=[android.permission.INTERNET, android.permission.RECEIVE_BOOT_COMPLETED, android.permission.DISABLE_KEYGUARD, android.permission.ACCESS_NETWORK_STATE, android.permission.ACCESS_COARSE_LOCATION, android.permission.READ_PHONE_STATE, android.permission.SYSTEM_ALERT_WINDOW, android.permission.ACCESS_WIFI_STATE, android.permission.GET_ACCOUNTS, android.permission.USE_CREDENTIALS, android.permission.MANAGE_ACCOUNTS], applicationClassName=cm.getuptogether.Application, libraryProject=false, debugabble=false, minSdkVersion=14, maxSdkVersion=-1, targetSdkVersion=14]
14:52:03.247 [Worker-15] INFO  o.a.r.ProjectRClassFinder:50 - Found project R class: cm.getuptogether.R
14:52:03.247 [Worker-15] INFO  o.a.r.AndroidRClassFinder:44 - Found Android class: android.R
14:52:03.263 [Worker-15] INFO  o.a.p.ModelValidator:42 - Validating elements
14:52:03.263 [Worker-15] DEBUG o.a.p.ModelValidator:62 - Validating with EActivityHandler: [cm.getuptogether.activity.LockActivity, cm.getuptogether.activity.MainActivity, cm.getuptogether.activity.jerry.LoginActivity]
14:52:03.279 [Worker-15] DEBUG o.a.p.ModelValidator:62 - Validating with EReceiverHandler: [cm.getuptogether.receiver.OpenLockReceiver]
14:52:03.279 [Worker-15] DEBUG o.a.p.ModelValidator:62 - Validating with ViewByIdHandler: [img, btn_renren, imageView, textView]
14:52:03.279 [Worker-15] DEBUG o.a.p.ModelValidator:62 - Validating with ClickHandler: [void btn_renren() ]
14:52:03.279 [Worker-15] DEBUG o.a.p.ModelValidator:62 - Validating with AfterViewsHandler: [void ini() ]
14:52:03.279 [Worker-15] INFO  o.a.p.ModelProcessor:69 - Processing root elements
14:52:03.294 [Worker-15] DEBUG o.a.p.ModelProcessor:160 - Processing root elements EActivityHandler: [cm.getuptogether.activity.LockActivity, cm.getuptogether.activity.MainActivity, cm.getuptogether.activity.jerry.LoginActivity]
14:52:03.325 [Worker-15] DEBUG o.a.p.ModelProcessor:160 - Processing root elements EReceiverHandler: [cm.getuptogether.receiver.OpenLockReceiver]
14:52:03.325 [Worker-15] INFO  o.a.p.ModelProcessor:77 - Processing enclosed elements
14:52:03.325 [Worker-15] INFO  o.a.AndroidAnnotationProcessor:250 - Number of files generated by AndroidAnnotations: 4
14:52:03.325 [Worker-15] INFO  o.a.g.ApiCodeGenerator:52 - Writting following API classes in project: []
14:52:03.325 [Worker-15] DEBUG o.a.g.SourceCodewriter:55 - Generating class: cm.getuptogether.activity.jerry.LoginActivity_
14:52:03.341 [Worker-15] DEBUG o.a.g.SourceCodewriter:55 - Generating class: cm.getuptogether.receiver.OpenLockReceiver_
14:52:03.341 [Worker-15] DEBUG o.a.g.SourceCodewriter:55 - Generating class: cm.getuptogether.activity.LockActivity_
14:52:03.357 [Worker-15] DEBUG o.a.g.SourceCodewriter:55 - Generating class: cm.getuptogether.activity.MainActivity_
14:52:03.357 [Worker-15] INFO  o.a.p.TimeStats:81 - Time measurements: [Whole Processing = 141 ms], [Process Annotations = 46 ms], [Generate Sources = 32 ms], [Extract Annotations = 31 ms], [Find R Classes = 16 ms], [Validate Annotations = 16 ms], [Extract Manifest = 0 ms], 
14:52:03.357 [Worker-15] INFO  o.a.AndroidAnnotationProcessor:122 - Finish processing
14:52:04.657 [Worker-17] INFO  o.a.AndroidAnnotationProcessor:84 - Initialize AndroidAnnotations 3.1 with options {phase=BUILD}
14:52:28.917 [Worker-7] INFO  o.a.AndroidAnnotationProcessor:84 - Initialize AndroidAnnotations 3.1 with options {phase=BUILD}
14:52:28.917 [Worker-7] INFO  o.a.AndroidAnnotationProcessor:108 - Start processing for 5 annotations on 26 elements
14:52:28.933 [Worker-7] DEBUG o.a.h.AndroidManifestFinder:137 - AndroidManifest.xml file found in parent folder E:\workspace\git4jason\GetupTogether: E:\workspace\git4jason\GetupTogether\AndroidManifest.xml
14:52:28.933 [Worker-7] INFO  o.a.AndroidAnnotationProcessor:171 - AndroidManifest.xml found: AndroidManifest [applicationPackage=cm.getuptogether, componentQualifiedNames=[cm.getuptogether.activity.MainActivity_, cm.getuptogether.activity.LockActivity_, com.renn.rennsdk.oauth.OAuthActivity, cm.getuptogether.activity.jerry.LoginActivity_, cm.getuptogether.service.OpenLockService], permissionQualifiedNames=[android.permission.INTERNET, android.permission.RECEIVE_BOOT_COMPLETED, android.permission.DISABLE_KEYGUARD, android.permission.ACCESS_NETWORK_STATE, android.permission.ACCESS_COARSE_LOCATION, android.permission.READ_PHONE_STATE, android.permission.SYSTEM_ALERT_WINDOW, android.permission.ACCESS_WIFI_STATE, android.permission.GET_ACCOUNTS, android.permission.USE_CREDENTIALS, android.permission.MANAGE_ACCOUNTS], applicationClassName=cm.getuptogether.Application, libraryProject=false, debugabble=false, minSdkVersion=14, maxSdkVersion=-1, targetSdkVersion=14]
14:52:28.933 [Worker-7] INFO  o.a.r.ProjectRClassFinder:50 - Found project R class: cm.getuptogether.R
14:52:28.933 [Worker-7] INFO  o.a.r.AndroidRClassFinder:44 - Found Android class: android.R
14:52:28.933 [Worker-7] INFO  o.a.p.ModelValidator:42 - Validating elements
14:52:28.933 [Worker-7] DEBUG o.a.p.ModelValidator:62 - Validating with EActivityHandler: [cm.getuptogether.activity.LockActivity, cm.getuptogether.activity.MainActivity, cm.getuptogether.activity.jerry.LoginActivity]
14:52:28.933 [Worker-7] DEBUG o.a.p.ModelValidator:62 - Validating with EReceiverHandler: [cm.getuptogether.receiver.OpenLockReceiver]
14:52:28.933 [Worker-7] DEBUG o.a.p.ModelValidator:62 - Validating with ViewByIdHandler: [img, textView, imageView, btn_renren]
14:52:28.948 [Worker-7] DEBUG o.a.p.ModelValidator:62 - Validating with ClickHandler: [void btn_renren() ]
14:52:28.948 [Worker-7] DEBUG o.a.p.ModelValidator:62 - Validating with AfterViewsHandler: [void ini() ]
14:52:28.948 [Worker-7] INFO  o.a.p.ModelProcessor:69 - Processing root elements
14:52:28.948 [Worker-7] DEBUG o.a.p.ModelProcessor:160 - Processing root elements EActivityHandler: [cm.getuptogether.activity.LockActivity, cm.getuptogether.activity.MainActivity, cm.getuptogether.activity.jerry.LoginActivity]
14:52:28.948 [Worker-7] DEBUG o.a.p.ModelProcessor:160 - Processing root elements EReceiverHandler: [cm.getuptogether.receiver.OpenLockReceiver]
14:52:28.948 [Worker-7] INFO  o.a.p.ModelProcessor:77 - Processing enclosed elements
14:52:28.948 [Worker-7] DEBUG o.a.p.ModelProcessor:89 - Processing enclosed elements with ViewByIdHandler: [org.androidannotations.model.AnnotationElements$AnnotatedAndRootElements@18d0015, org.androidannotations.model.AnnotationElements$AnnotatedAndRootElements@1bef6d, org.androidannotations.model.AnnotationElements$AnnotatedAndRootElements@73e8, org.androidannotations.model.AnnotationElements$AnnotatedAndRootElements@1b99cf6]
14:52:28.948 [Worker-7] DEBUG o.a.p.ModelProcessor:89 - Processing enclosed elements with ClickHandler: [org.androidannotations.model.AnnotationElements$AnnotatedAndRootElements@c079cb]
14:52:28.948 [Worker-7] DEBUG o.a.p.ModelProcessor:89 - Processing enclosed elements with AfterViewsHandler: [org.androidannotations.model.AnnotationElements$AnnotatedAndRootElements@1a27860]
14:52:28.948 [Worker-7] INFO  o.a.AndroidAnnotationProcessor:250 - Number of files generated by AndroidAnnotations: 4
14:52:28.948 [Worker-7] INFO  o.a.g.ApiCodeGenerator:52 - Writting following API classes in project: []
14:52:28.948 [Worker-7] DEBUG o.a.g.SourceCodewriter:55 - Generating class: cm.getuptogether.activity.jerry.LoginActivity_
14:52:28.964 [Worker-7] DEBUG o.a.g.SourceCodewriter:55 - Generating class: cm.getuptogether.receiver.OpenLockReceiver_
14:52:28.964 [Worker-7] DEBUG o.a.g.SourceCodewriter:55 - Generating class: cm.getuptogether.activity.LockActivity_
14:52:28.964 [Worker-7] DEBUG o.a.g.SourceCodewriter:55 - Generating class: cm.getuptogether.activity.MainActivity_
14:52:28.995 [Worker-7] INFO  o.a.p.TimeStats:81 - Time measurements: [Whole Processing = 78 ms], [Generate Sources = 47 ms], [Extract Annotations = 16 ms], [Validate Annotations = 15 ms], [Extract Manifest = 0 ms], [Find R Classes = 0 ms], [Process Annotations = 0 ms], 
14:52:28.995 [Worker-7] INFO  o.a.AndroidAnnotationProcessor:122 - Finish processing
14:53:05.21 [Worker-9] INFO  o.a.AndroidAnnotationProcessor:84 - Initialize AndroidAnnotations 3.1 with options {phase=BUILD}
14:53:05.68 [Worker-9] INFO  o.a.AndroidAnnotationProcessor:108 - Start processing for 4 annotations on 11 elements
14:53:05.84 [Worker-9] DEBUG o.a.h.AndroidManifestFinder:137 - AndroidManifest.xml file found in parent folder E:\workspace\git4jason\GetupTogether: E:\workspace\git4jason\GetupTogether\AndroidManifest.xml
14:53:05.84 [Worker-9] INFO  o.a.AndroidAnnotationProcessor:171 - AndroidManifest.xml found: AndroidManifest [applicationPackage=cm.getuptogether, componentQualifiedNames=[cm.getuptogether.activity.MainActivity_, cm.getuptogether.activity.LockActivity_, com.renn.rennsdk.oauth.OAuthActivity, cm.getuptogether.activity.jerry.LoginActivity_, cm.getuptogether.service.OpenLockService], permissionQualifiedNames=[android.permission.INTERNET, android.permission.RECEIVE_BOOT_COMPLETED, android.permission.DISABLE_KEYGUARD, android.permission.ACCESS_NETWORK_STATE, android.permission.ACCESS_COARSE_LOCATION, android.permission.READ_PHONE_STATE, android.permission.SYSTEM_ALERT_WINDOW, android.permission.ACCESS_WIFI_STATE, android.permission.GET_ACCOUNTS, android.permission.USE_CREDENTIALS, android.permission.MANAGE_ACCOUNTS], applicationClassName=cm.getuptogether.Application, libraryProject=false, debugabble=false, minSdkVersion=14, maxSdkVersion=-1, targetSdkVersion=14]
14:53:05.84 [Worker-9] INFO  o.a.r.ProjectRClassFinder:50 - Found project R class: cm.getuptogether.R
14:53:05.84 [Worker-9] INFO  o.a.r.AndroidRClassFinder:44 - Found Android class: android.R
14:53:05.99 [Worker-9] INFO  o.a.p.ModelValidator:42 - Validating elements
14:53:05.99 [Worker-9] DEBUG o.a.p.ModelValidator:62 - Validating with EActivityHandler: [cm.getuptogether.activity.LockActivity, cm.getuptogether.activity.MainActivity, cm.getuptogether.activity.jerry.LoginActivity]
14:53:05.99 [Worker-9] DEBUG o.a.p.ModelValidator:62 - Validating with ViewByIdHandler: [textView, btn_renren, img, imageView]
14:53:05.99 [Worker-9] DEBUG o.a.p.ModelValidator:62 - Validating with ClickHandler: [void btn_renren() ]
14:53:05.99 [Worker-9] DEBUG o.a.p.ModelValidator:62 - Validating with AfterViewsHandler: [void ini() ]
14:53:05.99 [Worker-9] INFO  o.a.p.ModelProcessor:69 - Processing root elements
14:53:05.99 [Worker-9] DEBUG o.a.p.ModelProcessor:160 - Processing root elements EActivityHandler: [cm.getuptogether.activity.LockActivity, cm.getuptogether.activity.MainActivity, cm.getuptogether.activity.jerry.LoginActivity]
14:53:05.99 [Worker-9] INFO  o.a.p.ModelProcessor:77 - Processing enclosed elements
14:53:05.99 [Worker-9] DEBUG o.a.p.ModelProcessor:89 - Processing enclosed elements with ViewByIdHandler: [org.androidannotations.model.AnnotationElements$AnnotatedAndRootElements@108e3ef, org.androidannotations.model.AnnotationElements$AnnotatedAndRootElements@ac6591, org.androidannotations.model.AnnotationElements$AnnotatedAndRootElements@143d7, org.androidannotations.model.AnnotationElements$AnnotatedAndRootElements@404e6e]
14:53:05.99 [Worker-9] DEBUG o.a.p.ModelProcessor:89 - Processing enclosed elements with ClickHandler: [org.androidannotations.model.AnnotationElements$AnnotatedAndRootElements@1355af8]
14:53:05.99 [Worker-9] DEBUG o.a.p.ModelProcessor:89 - Processing enclosed elements with AfterViewsHandler: [org.androidannotations.model.AnnotationElements$AnnotatedAndRootElements@e540ea]
14:53:05.99 [Worker-9] INFO  o.a.AndroidAnnotationProcessor:250 - Number of files generated by AndroidAnnotations: 3
14:53:05.99 [Worker-9] INFO  o.a.g.ApiCodeGenerator:52 - Writting following API classes in project: []
14:53:05.99 [Worker-9] DEBUG o.a.g.SourceCodewriter:55 - Generating class: cm.getuptogether.activity.jerry.LoginActivity_
14:53:05.115 [Worker-9] DEBUG o.a.g.SourceCodewriter:55 - Generating class: cm.getuptogether.activity.LockActivity_
14:53:05.115 [Worker-9] DEBUG o.a.g.SourceCodewriter:55 - Generating class: cm.getuptogether.activity.MainActivity_
14:53:05.115 [Worker-9] INFO  o.a.p.TimeStats:81 - Time measurements: [Whole Processing = 47 ms], [Generate Sources = 16 ms], [Find R Classes = 15 ms], [Extract Annotations = 0 ms], [Extract Manifest = 0 ms], [Validate Annotations = 0 ms], [Process Annotations = 0 ms], 
14:53:05.115 [Worker-9] INFO  o.a.AndroidAnnotationProcessor:122 - Finish processing
14:53:48.345 [Worker-12] INFO  o.a.AndroidAnnotationProcessor:84 - Initialize AndroidAnnotations 3.1 with options {phase=BUILD}
14:53:48.345 [Worker-12] INFO  o.a.AndroidAnnotationProcessor:108 - Start processing for 5 annotations on 33 elements
14:53:48.345 [Worker-12] DEBUG o.a.h.AndroidManifestFinder:137 - AndroidManifest.xml file found in parent folder E:\workspace\git4jason\GetupTogether: E:\workspace\git4jason\GetupTogether\AndroidManifest.xml
14:53:48.361 [Worker-12] INFO  o.a.AndroidAnnotationProcessor:171 - AndroidManifest.xml found: AndroidManifest [applicationPackage=cm.getuptogether, componentQualifiedNames=[cm.getuptogether.activity.MainActivity_, cm.getuptogether.activity.LockActivity_, com.renn.rennsdk.oauth.OAuthActivity, cm.getuptogether.activity.jerry.LoginActivity_, cm.getuptogether.service.OpenLockService], permissionQualifiedNames=[android.permission.INTERNET, android.permission.RECEIVE_BOOT_COMPLETED, android.permission.DISABLE_KEYGUARD, android.permission.ACCESS_NETWORK_STATE, android.permission.ACCESS_COARSE_LOCATION, android.permission.READ_PHONE_STATE, android.permission.SYSTEM_ALERT_WINDOW, android.permission.ACCESS_WIFI_STATE, android.permission.GET_ACCOUNTS, android.permission.USE_CREDENTIALS, android.permission.MANAGE_ACCOUNTS], applicationClassName=cm.getuptogether.Application, libraryProject=false, debugabble=false, minSdkVersion=14, maxSdkVersion=-1, targetSdkVersion=14]
14:53:48.361 [Worker-12] INFO  o.a.r.ProjectRClassFinder:50 - Found project R class: cm.getuptogether.R
14:53:48.361 [Worker-12] INFO  o.a.r.AndroidRClassFinder:44 - Found Android class: android.R
14:53:48.361 [Worker-12] INFO  o.a.p.ModelValidator:42 - Validating elements
14:53:48.361 [Worker-12] DEBUG o.a.p.ModelValidator:62 - Validating with EActivityHandler: [cm.getuptogether.activity.LockActivity, cm.getuptogether.activity.MainActivity, cm.getuptogether.activity.jerry.LoginActivity]
14:53:48.361 [Worker-12] DEBUG o.a.p.ModelValidator:62 - Validating with EReceiverHandler: [cm.getuptogether.receiver.OpenLockReceiver]
14:53:48.361 [Worker-12] DEBUG o.a.p.ModelValidator:62 - Validating with ViewByIdHandler: [img, btn_renren, textView, imageView]
14:53:48.361 [Worker-12] DEBUG o.a.p.ModelValidator:62 - Validating with ClickHandler: [void btn_renren() ]
14:53:48.361 [Worker-12] DEBUG o.a.p.ModelValidator:62 - Validating with AfterViewsHandler: [void ini() ]
14:53:48.361 [Worker-12] INFO  o.a.p.ModelProcessor:69 - Processing root elements
14:53:48.361 [Worker-12] DEBUG o.a.p.ModelProcessor:160 - Processing root elements EActivityHandler: [cm.getuptogether.activity.LockActivity, cm.getuptogether.activity.MainActivity, cm.getuptogether.activity.jerry.LoginActivity]
14:53:48.376 [Worker-12] DEBUG o.a.p.ModelProcessor:160 - Processing root elements EReceiverHandler: [cm.getuptogether.receiver.OpenLockReceiver]
14:53:48.376 [Worker-12] INFO  o.a.p.ModelProcessor:77 - Processing enclosed elements
14:53:48.376 [Worker-12] INFO  o.a.AndroidAnnotationProcessor:250 - Number of files generated by AndroidAnnotations: 4
14:53:48.376 [Worker-12] INFO  o.a.g.ApiCodeGenerator:52 - Writting following API classes in project: []
14:53:48.376 [Worker-12] DEBUG o.a.g.SourceCodewriter:55 - Generating class: cm.getuptogether.activity.jerry.LoginActivity_
14:53:48.376 [Worker-12] DEBUG o.a.g.SourceCodewriter:55 - Generating class: cm.getuptogether.receiver.OpenLockReceiver_
14:53:48.376 [Worker-12] DEBUG o.a.g.SourceCodewriter:55 - Generating class: cm.getuptogether.activity.LockActivity_
14:53:48.376 [Worker-12] DEBUG o.a.g.SourceCodewriter:55 - Generating class: cm.getuptogether.activity.MainActivity_
14:53:48.376 [Worker-12] INFO  o.a.p.TimeStats:81 - Time measurements: [Whole Processing = 31 ms], [Extract Manifest = 16 ms], [Process Annotations = 15 ms], [Extract Annotations = 0 ms], [Find R Classes = 0 ms], [Validate Annotations = 0 ms], [Generate Sources = 0 ms], 
14:53:48.376 [Worker-12] INFO  o.a.AndroidAnnotationProcessor:122 - Finish processing
14:53:48.765 [Worker-3] INFO  o.a.AndroidAnnotationProcessor:84 - Initialize AndroidAnnotations 3.1 with options {phase=BUILD}
14:54:09.723 [Worker-10] INFO  o.a.AndroidAnnotationProcessor:84 - Initialize AndroidAnnotations 3.1 with options {phase=BUILD}
14:54:09.723 [Worker-10] INFO  o.a.AndroidAnnotationProcessor:108 - Start processing for 5 annotations on 33 elements
14:54:09.723 [Worker-10] DEBUG o.a.h.AndroidManifestFinder:137 - AndroidManifest.xml file found in parent folder E:\workspace\git4jason\GetupTogether: E:\workspace\git4jason\GetupTogether\AndroidManifest.xml
14:54:09.723 [Worker-10] INFO  o.a.AndroidAnnotationProcessor:171 - AndroidManifest.xml found: AndroidManifest [applicationPackage=cm.getuptogether, componentQualifiedNames=[cm.getuptogether.activity.MainActivity_, cm.getuptogether.activity.LockActivity_, com.renn.rennsdk.oauth.OAuthActivity, cm.getuptogether.activity.jerry.LoginActivity_, cm.getuptogether.service.OpenLockService], permissionQualifiedNames=[android.permission.INTERNET, android.permission.RECEIVE_BOOT_COMPLETED, android.permission.DISABLE_KEYGUARD, android.permission.ACCESS_NETWORK_STATE, android.permission.ACCESS_COARSE_LOCATION, android.permission.READ_PHONE_STATE, android.permission.SYSTEM_ALERT_WINDOW, android.permission.ACCESS_WIFI_STATE, android.permission.GET_ACCOUNTS, android.permission.USE_CREDENTIALS, android.permission.MANAGE_ACCOUNTS], applicationClassName=cm.getuptogether.Application, libraryProject=false, debugabble=false, minSdkVersion=14, maxSdkVersion=-1, targetSdkVersion=14]
14:54:09.738 [Worker-10] INFO  o.a.r.ProjectRClassFinder:50 - Found project R class: cm.getuptogether.R
14:54:09.738 [Worker-10] INFO  o.a.r.AndroidRClassFinder:44 - Found Android class: android.R
14:54:09.738 [Worker-10] INFO  o.a.p.ModelValidator:42 - Validating elements
14:54:09.738 [Worker-10] DEBUG o.a.p.ModelValidator:62 - Validating with EActivityHandler: [cm.getuptogether.activity.LockActivity, cm.getuptogether.activity.MainActivity, cm.getuptogether.activity.jerry.LoginActivity]
14:54:09.738 [Worker-10] DEBUG o.a.p.ModelValidator:62 - Validating with EReceiverHandler: [cm.getuptogether.receiver.OpenLockReceiver]
14:54:09.738 [Worker-10] DEBUG o.a.p.ModelValidator:62 - Validating with ViewByIdHandler: [btn_renren, textView, imageView, img]
14:54:09.738 [Worker-10] DEBUG o.a.p.ModelValidator:62 - Validating with ClickHandler: [void btn_renren() ]
14:54:09.738 [Worker-10] DEBUG o.a.p.ModelValidator:62 - Validating with AfterViewsHandler: [void ini() ]
14:54:09.738 [Worker-10] INFO  o.a.p.ModelProcessor:69 - Processing root elements
14:54:09.738 [Worker-10] DEBUG o.a.p.ModelProcessor:160 - Processing root elements EActivityHandler: [cm.getuptogether.activity.LockActivity, cm.getuptogether.activity.MainActivity, cm.getuptogether.activity.jerry.LoginActivity]
14:54:09.738 [Worker-10] DEBUG o.a.p.ModelProcessor:160 - Processing root elements EReceiverHandler: [cm.getuptogether.receiver.OpenLockReceiver]
14:54:09.738 [Worker-10] INFO  o.a.p.ModelProcessor:77 - Processing enclosed elements
14:54:09.738 [Worker-10] INFO  o.a.AndroidAnnotationProcessor:250 - Number of files generated by AndroidAnnotations: 4
14:54:09.738 [Worker-10] INFO  o.a.g.ApiCodeGenerator:52 - Writting following API classes in project: []
14:54:09.754 [Worker-10] DEBUG o.a.g.SourceCodewriter:55 - Generating class: cm.getuptogether.activity.jerry.LoginActivity_
14:54:09.754 [Worker-10] DEBUG o.a.g.SourceCodewriter:55 - Generating class: cm.getuptogether.receiver.OpenLockReceiver_
14:54:09.754 [Worker-10] DEBUG o.a.g.SourceCodewriter:55 - Generating class: cm.getuptogether.activity.LockActivity_
14:54:09.754 [Worker-10] DEBUG o.a.g.SourceCodewriter:55 - Generating class: cm.getuptogether.activity.MainActivity_
14:54:09.754 [Worker-10] INFO  o.a.p.TimeStats:81 - Time measurements: [Whole Processing = 31 ms], [Generate Sources = 16 ms], [Extract Annotations = 0 ms], [Extract Manifest = 0 ms], [Find R Classes = 0 ms], [Validate Annotations = 0 ms], [Process Annotations = 0 ms], 
14:54:09.754 [Worker-10] INFO  o.a.AndroidAnnotationProcessor:122 - Finish processing
14:54:16.360 [Worker-21] INFO  o.a.AndroidAnnotationProcessor:84 - Initialize AndroidAnnotations 3.1 with options {phase=BUILD}
14:54:16.360 [Worker-21] INFO  o.a.AndroidAnnotationProcessor:108 - Start processing for 5 annotations on 33 elements
14:54:16.375 [Worker-21] DEBUG o.a.h.AndroidManifestFinder:137 - AndroidManifest.xml file found in parent folder E:\workspace\git4jason\GetupTogether: E:\workspace\git4jason\GetupTogether\AndroidManifest.xml
14:54:16.375 [Worker-21] INFO  o.a.AndroidAnnotationProcessor:171 - AndroidManifest.xml found: AndroidManifest [applicationPackage=cm.getuptogether, componentQualifiedNames=[cm.getuptogether.activity.MainActivity_, cm.getuptogether.activity.LockActivity_, com.renn.rennsdk.oauth.OAuthActivity, cm.getuptogether.activity.jerry.LoginActivity_, cm.getuptogether.service.OpenLockService], permissionQualifiedNames=[android.permission.INTERNET, android.permission.RECEIVE_BOOT_COMPLETED, android.permission.DISABLE_KEYGUARD, android.permission.ACCESS_NETWORK_STATE, android.permission.ACCESS_COARSE_LOCATION, android.permission.READ_PHONE_STATE, android.permission.SYSTEM_ALERT_WINDOW, android.permission.ACCESS_WIFI_STATE, android.permission.GET_ACCOUNTS, android.permission.USE_CREDENTIALS, android.permission.MANAGE_ACCOUNTS], applicationClassName=cm.getuptogether.Application, libraryProject=false, debugabble=false, minSdkVersion=14, maxSdkVersion=-1, targetSdkVersion=14]
14:54:16.375 [Worker-21] INFO  o.a.r.ProjectRClassFinder:50 - Found project R class: cm.getuptogether.R
14:54:16.375 [Worker-21] INFO  o.a.r.AndroidRClassFinder:44 - Found Android class: android.R
14:54:16.391 [Worker-21] INFO  o.a.p.ModelValidator:42 - Validating elements
14:54:16.391 [Worker-21] DEBUG o.a.p.ModelValidator:62 - Validating with EActivityHandler: [cm.getuptogether.activity.LockActivity, cm.getuptogether.activity.MainActivity, cm.getuptogether.activity.jerry.LoginActivity]
14:54:16.391 [Worker-21] DEBUG o.a.p.ModelValidator:62 - Validating with EReceiverHandler: [cm.getuptogether.receiver.OpenLockReceiver]
14:54:16.391 [Worker-21] DEBUG o.a.p.ModelValidator:62 - Validating with ViewByIdHandler: [btn_renren, img, textView, imageView]
14:54:16.391 [Worker-21] DEBUG o.a.p.ModelValidator:62 - Validating with ClickHandler: [void btn_renren() ]
14:54:16.391 [Worker-21] DEBUG o.a.p.ModelValidator:62 - Validating with AfterViewsHandler: [void ini() ]
14:54:16.391 [Worker-21] INFO  o.a.p.ModelProcessor:69 - Processing root elements
14:54:16.391 [Worker-21] DEBUG o.a.p.ModelProcessor:160 - Processing root elements EActivityHandler: [cm.getuptogether.activity.LockActivity, cm.getuptogether.activity.MainActivity, cm.getuptogether.activity.jerry.LoginActivity]
14:54:16.391 [Worker-21] DEBUG o.a.p.ModelProcessor:160 - Processing root elements EReceiverHandler: [cm.getuptogether.receiver.OpenLockReceiver]
14:54:16.391 [Worker-21] INFO  o.a.p.ModelProcessor:77 - Processing enclosed elements
14:54:16.391 [Worker-21] INFO  o.a.AndroidAnnotationProcessor:250 - Number of files generated by AndroidAnnotations: 4
14:54:16.391 [Worker-21] INFO  o.a.g.ApiCodeGenerator:52 - Writting following API classes in project: []
14:54:16.391 [Worker-21] DEBUG o.a.g.SourceCodewriter:55 - Generating class: cm.getuptogether.activity.jerry.LoginActivity_
14:54:16.391 [Worker-21] DEBUG o.a.g.SourceCodewriter:55 - Generating class: cm.getuptogether.receiver.OpenLockReceiver_
14:54:16.407 [Worker-21] DEBUG o.a.g.SourceCodewriter:55 - Generating class: cm.getuptogether.activity.LockActivity_
14:54:16.407 [Worker-21] DEBUG o.a.g.SourceCodewriter:55 - Generating class: cm.getuptogether.activity.MainActivity_
14:54:16.407 [Worker-21] INFO  o.a.p.TimeStats:81 - Time measurements: [Whole Processing = 47 ms], [Find R Classes = 16 ms], [Generate Sources = 16 ms], [Extract Annotations = 15 ms], [Extract Manifest = 0 ms], [Validate Annotations = 0 ms], [Process Annotations = 0 ms], 
14:54:16.407 [Worker-21] INFO  o.a.AndroidAnnotationProcessor:122 - Finish processing
